[dotenv@17.3.1] injecting env (11) from .env -- tip: ???????  run anywhere with `dotenvx run -- yourcommand`
[dotenv@17.3.1] injecting env (0) from .env -- tip: ???? prevent committing .env to code: https://dotenvx.com/precommit
[Database] Secure connection established to PostgreSQL
[Database] Startup connectivity probe successful
node : node:events:485
At line:1 char:1
+ node index.js 2>&1 | 
Out-File -Encoding ASCII 
node_error.log
+ ~~~~~~~~~~~~~~~~~~
    + CategoryInfo           
   : NotSpecified: (node:ev  
  ents:485:String) [], Rem   
 oteException
    + FullyQualifiedErrorId  
   : NativeCommandError
 
      throw er; // Unhandled 
'error' event
      ^

Error: listen EADDRINUSE: 
address already in use 
:::5000
    at 
Server.setupListenHandle [as 
_listen2] (node:net:1937:16)
    at listenInCluster 
(node:net:1994:12)
    at Server.listen 
(node:net:2099:7)
    at startServer (C:\Users\
user2\OneDrive\Desktop\OrigiN
ode\server\index.js:103:12)
    at process.processTicksAn
dRejections (node:internal/pr
ocess/task_queues:105:5)
Emitted 'error' event on 
Server instance at:
    at emitErrorNT 
(node:net:1973:8)
    at process.processTicksAn
dRejections (node:internal/pr
ocess/task_queues:90:21) {
  code: 'EADDRINUSE',
  errno: -4091,
  syscall: 'listen',
  address: '::',
  port: 5000
}

Node.js v23.8.0
